<?xml version="1.0" encoding="UTF-8"?>
<!-- Generated by org.testng.reporters.JUnitReportReporter -->
<testsuite hostname="DESKTOP-GP7HHV3" failures="0" tests="1" name="com.demowebshop.testscripts.AddToCartTest" time="19.439" errors="0" timestamp="2024-02-23T12:31:39 IST" skipped="0">
  <testcase classname="com.demowebshop.testscripts.AddToCartTest" name="TCShoppingCart001" time="19.439"/>
</testsuite> <!-- com.demowebshop.testscripts.AddToCartTest -->
