<?xml version="1.0" encoding="UTF-8"?>
<!-- Generated by org.testng.reporters.JUnitReportReporter -->
<testsuite hostname="DESKTOP-GP7HHV3" failures="0" tests="1" name="com.demowebshop.testscripts.LoginTest" time="9.771" errors="0" timestamp="2024-02-23T11:48:08 IST" skipped="0">
  <testcase classname="com.demowebshop.testscripts.LoginTest" name="TCLogin001" time="9.771"/>
</testsuite> <!-- com.demowebshop.testscripts.LoginTest -->
