<?xml version="1.0" encoding="UTF-8"?>
<!-- Generated by org.testng.reporters.JUnitReportReporter -->
<testsuite hostname="DESKTOP-GP7HHV3" failures="0" tests="1" name="com.demowebshop.testscripts.RegisterTest" time="17.802" errors="0" timestamp="2024-02-23T11:48:41 IST" skipped="0">
  <testcase classname="com.demowebshop.testscripts.RegisterTest" name="TCRegister001" time="17.802">
    <system-out>
      <![CDATA[User not registered]]>
    </system-out>
  </testcase> <!-- TCRegister001 -->
  <system-out>
    <![CDATA[User not registered]]>
  </system-out>
</testsuite> <!-- com.demowebshop.testscripts.RegisterTest -->
